Arguments: 
  C:\Program Files\nodejs\node.exe C:\Users\Binay\AppData\Roaming\npm\node_modules\yarn\bin\yarn.js add nodemon-D

PATH: 
  D:\oraclexe\app\oracle\product\11.2.0\server\bin;D:\oraclexe\app\oracle\product\11.2.0\server\bin;C:\Windows\system32;C:\Windows;C:\Windows\System32\Wbem;C:\Windows\System32\WindowsPowerShell\v1.0\;C:\Windows\System32\OpenSSH\;C:\Program Files\NVIDIA Corporation\NVIDIA NvDLISR;C:\Program Files (x86)\NVIDIA Corporation\PhysX\Common;C:\Program Files\nodejs\;D:\Program Files\Git\cmd;D:\xampp\php;C:\ProgramData\ComposerSetup\bin;C:\Users\Binay\AppData\Local\Microsoft\WindowsApps;C:\Users\Binay\AppData\Local\Programs\Microsoft VS Code\bin;D:\Program Files\JetBrains\DataGrip 2022.1.2\bin;D:\Program Files\JetBrains\PhpStorm 2021.1\bin;C:\Users\Binay\AppData\Local\GitHubDesktop\bin;C:\Users\Binay\AppData\Roaming\npm;C:\Program Files\MongoDB\Server\5.0\bin;C:\Users\Binay\AppData\Roaming\Composer\vendor\bin

Yarn version: 
  1.22.19

Node version: 
  16.15.0

Platform: 
  win32 x64

Trace: 
  Error: https://registry.yarnpkg.com/nodemon-D: Not found
      at Request.params.callback [as _callback] (C:\Users\Binay\AppData\Roaming\npm\node_modules\yarn\lib\cli.js:66145:18)
      at Request.self.callback (C:\Users\Binay\AppData\Roaming\npm\node_modules\yarn\lib\cli.js:140890:22)
      at Request.emit (node:events:527:28)
      at Request.<anonymous> (C:\Users\Binay\AppData\Roaming\npm\node_modules\yarn\lib\cli.js:141862:10)
      at Request.emit (node:events:527:28)
      at IncomingMessage.<anonymous> (C:\Users\Binay\AppData\Roaming\npm\node_modules\yarn\lib\cli.js:141784:12)
      at Object.onceWrapper (node:events:641:28)
      at IncomingMessage.emit (node:events:539:35)
      at endReadableNT (node:internal/streams/readable:1345:12)
      at processTicksAndRejections (node:internal/process/task_queues:83:21)

npm manifest: 
  {
    "name": "blog-mongodb",
    "version": "1.0.0",
    "main": "index.js",
    "license": "MIT",
    "description": "Blog project",
    "author": "Binaya Karki",
    "type": "module"
  }

yarn manifest: 
  No manifest

Lockfile: 
  No lockfile
